[2022/05/10 10:29:33] Executing command: transitioner -d 3
2022-05-10 10:29:33.2318  Starting
2022-05-10 13:07:25.6856  [WU#1 test_sort] Generating 1 more results (1 target - 0 unsent - 0 in progress - 0 success)
2022-05-10 13:10:05.7548  [WU#2 example_app_1652188201_0] Generating 1 more results (1 target - 0 unsent - 0 in progress - 0 success)
2022-05-10 13:10:05.7878  [WU#3 example_app_1652188201_1] Generating 1 more results (1 target - 0 unsent - 0 in progress - 0 success)
2022-05-10 13:10:05.8099  [WU#4 example_app_1652188201_2] Generating 1 more results (1 target - 0 unsent - 0 in progress - 0 success)
2022-05-10 13:10:05.8346  [WU#5 example_app_1652188201_3] Generating 1 more results (1 target - 0 unsent - 0 in progress - 0 success)
2022-05-10 13:10:05.8505  [WU#6 example_app_1652188201_4] Generating 1 more results (1 target - 0 unsent - 0 in progress - 0 success)
2022-05-10 13:10:05.8620  [WU#7 example_app_1652188201_5] Generating 1 more results (1 target - 0 unsent - 0 in progress - 0 success)
2022-05-10 13:10:05.8850  [WU#8 example_app_1652188201_6] Generating 1 more results (1 target - 0 unsent - 0 in progress - 0 success)
2022-05-10 13:10:05.9035  [WU#9 example_app_1652188201_7] Generating 1 more results (1 target - 0 unsent - 0 in progress - 0 success)
2022-05-10 13:10:05.9102  [WU#10 example_app_1652188201_8] Generating 1 more results (1 target - 0 unsent - 0 in progress - 0 success)
2022-05-10 14:39:02.3348  [WU#11 test1] Generating 1 more results (1 target - 0 unsent - 0 in progress - 0 success)
2022-05-10 15:35:38.1763  [WU#12 test_sort2] Generating 1 more results (1 target - 0 unsent - 0 in progress - 0 success)
2022-05-10 15:40:28.2546  [WU#13 example_app_1652188201_9] Generating 1 more results (1 target - 0 unsent - 0 in progress - 0 success)
2022-05-10 15:40:28.2739  [WU#14 example_app_1652188201_10] Generating 1 more results (1 target - 0 unsent - 0 in progress - 0 success)
2022-05-10 15:40:28.2791  [WU#15 example_app_1652188201_11] Generating 1 more results (1 target - 0 unsent - 0 in progress - 0 success)
2022-05-10 15:40:28.2837  [WU#16 example_app_1652188201_12] Generating 1 more results (1 target - 0 unsent - 0 in progress - 0 success)
2022-05-10 15:40:28.2881  [WU#17 example_app_1652188201_13] Generating 1 more results (1 target - 0 unsent - 0 in progress - 0 success)
2022-05-10 15:40:28.2932  [WU#18 example_app_1652188201_14] Generating 1 more results (1 target - 0 unsent - 0 in progress - 0 success)
2022-05-10 15:40:28.3086  [WU#19 example_app_1652188201_15] Generating 1 more results (1 target - 0 unsent - 0 in progress - 0 success)
2022-05-10 15:40:28.3167  [WU#20 example_app_1652188201_16] Generating 1 more results (1 target - 0 unsent - 0 in progress - 0 success)
2022-05-10 15:40:28.3282  [WU#21 example_app_1652188201_17] Generating 1 more results (1 target - 0 unsent - 0 in progress - 0 success)
2022-05-10 15:40:28.3319  [WU#22 example_app_1652188201_18] Generating 1 more results (1 target - 0 unsent - 0 in progress - 0 success)
2022-05-10 15:43:53.3935  [WU#1 test_sort] Generating 1 more results (1 target - 0 unsent - 0 in progress - 0 success)
2022-05-10 15:43:53.4017  [WU#2 example_app_1652188201_0] Generating 1 more results (1 target - 0 unsent - 0 in progress - 0 success)
2022-05-10 15:43:53.4069  [WU#3 example_app_1652188201_1] Generating 1 more results (1 target - 0 unsent - 0 in progress - 0 success)
2022-05-10 15:43:53.4109  [WU#4 example_app_1652188201_2] Generating 1 more results (1 target - 0 unsent - 0 in progress - 0 success)
2022-05-10 15:43:53.4129  [WU#5 example_app_1652188201_3] Generating 1 more results (1 target - 0 unsent - 0 in progress - 0 success)
2022-05-10 15:43:53.4160  [WU#6 example_app_1652188201_4] Generating 1 more results (1 target - 0 unsent - 0 in progress - 0 success)
2022-05-10 15:43:53.4193  [WU#7 example_app_1652188201_5] Generating 1 more results (1 target - 0 unsent - 0 in progress - 0 success)
2022-05-10 15:43:53.4225  [WU#8 example_app_1652188201_6] Generating 1 more results (1 target - 0 unsent - 0 in progress - 0 success)
2022-05-10 15:43:53.4244  [WU#9 example_app_1652188201_7] Generating 1 more results (1 target - 0 unsent - 0 in progress - 0 success)
2022-05-10 15:43:53.4335  [WU#10 example_app_1652188201_8] Generating 1 more results (1 target - 0 unsent - 0 in progress - 0 success)
2022-05-10 15:43:53.4408  [WU#11 test1] Generating 1 more results (1 target - 0 unsent - 0 in progress - 0 success)
2022-05-10 15:43:53.4487  [WU#12 test_sort2] Generating 1 more results (1 target - 0 unsent - 0 in progress - 0 success)
2022-05-10 15:54:38.6210  [WU#23 worker_sort3] Generating 1 more results (1 target - 0 unsent - 0 in progress - 0 success)
2022-05-10 15:59:28.7012  [WU#24 example_app_1652188201_19] Generating 1 more results (1 target - 0 unsent - 0 in progress - 0 success)
2022-05-10 15:59:28.7074  [WU#25 example_app_1652188201_20] Generating 1 more results (1 target - 0 unsent - 0 in progress - 0 success)
2022-05-10 15:59:28.7140  [WU#26 example_app_1652188201_21] Generating 1 more results (1 target - 0 unsent - 0 in progress - 0 success)
2022-05-10 15:59:28.7192  [WU#27 example_app_1652188201_22] Generating 1 more results (1 target - 0 unsent - 0 in progress - 0 success)
2022-05-10 15:59:28.7222  [WU#28 example_app_1652188201_23] Generating 1 more results (1 target - 0 unsent - 0 in progress - 0 success)
2022-05-10 15:59:28.7256  [WU#29 example_app_1652188201_24] Generating 1 more results (1 target - 0 unsent - 0 in progress - 0 success)
2022-05-10 15:59:28.7288  [WU#30 example_app_1652188201_25] Generating 1 more results (1 target - 0 unsent - 0 in progress - 0 success)
2022-05-10 15:59:28.7325  [WU#31 example_app_1652188201_26] Generating 1 more results (1 target - 0 unsent - 0 in progress - 0 success)
2022-05-10 15:59:28.7359  [WU#32 example_app_1652188201_27] Generating 1 more results (1 target - 0 unsent - 0 in progress - 0 success)
2022-05-10 15:59:28.7401  [WU#33 example_app_1652188201_28] Generating 1 more results (1 target - 0 unsent - 0 in progress - 0 success)
2022-05-10 16:04:23.8149  [WU#34 worker_sort4] Generating 1 more results (1 target - 0 unsent - 0 in progress - 0 success)
2022-05-10 16:06:43.8565  [WU#1 test_sort] Generating 1 more results (1 target - 0 unsent - 0 in progress - 0 success)
2022-05-10 16:06:43.8658  [WU#2 example_app_1652188201_0] Generating 1 more results (1 target - 0 unsent - 0 in progress - 0 success)
2022-05-10 16:06:43.8742  [WU#3 example_app_1652188201_1] Generating 1 more results (1 target - 0 unsent - 0 in progress - 0 success)
2022-05-10 16:06:43.8819  [WU#4 example_app_1652188201_2] Generating 1 more results (1 target - 0 unsent - 0 in progress - 0 success)
2022-05-10 16:06:43.8869  [WU#5 example_app_1652188201_3] Generating 1 more results (1 target - 0 unsent - 0 in progress - 0 success)
2022-05-10 16:06:43.8913  [WU#6 example_app_1652188201_4] Generating 1 more results (1 target - 0 unsent - 0 in progress - 0 success)
2022-05-10 16:06:43.9066  [WU#7 example_app_1652188201_5] Generating 1 more results (1 target - 0 unsent - 0 in progress - 0 success)
2022-05-10 16:06:43.9143  [WU#8 example_app_1652188201_6] Generating 1 more results (1 target - 0 unsent - 0 in progress - 0 success)
2022-05-10 16:06:43.9238  [WU#9 example_app_1652188201_7] Generating 1 more results (1 target - 0 unsent - 0 in progress - 0 success)
2022-05-10 16:06:43.9324  [WU#10 example_app_1652188201_8] Generating 1 more results (1 target - 0 unsent - 0 in progress - 0 success)
2022-05-10 16:06:43.9420  [WU#11 test1] Generating 1 more results (1 target - 0 unsent - 0 in progress - 0 success)
2022-05-10 16:06:43.9532  [WU#12 test_sort2] Generating 1 more results (1 target - 0 unsent - 0 in progress - 0 success)
2022-05-10 16:06:43.9622  [WU#23 worker_sort3] Generating 1 more results (1 target - 0 unsent - 0 in progress - 0 success)
2022-05-10 16:06:58.9757  [WU#35 example_app_1652188201_29] Generating 1 more results (1 target - 0 unsent - 0 in progress - 0 success)
2022-05-10 16:06:58.9810  [WU#36 example_app_1652188201_30] Generating 1 more results (1 target - 0 unsent - 0 in progress - 0 success)
2022-05-10 16:06:58.9881  [WU#37 example_app_1652188201_31] Generating 1 more results (1 target - 0 unsent - 0 in progress - 0 success)
2022-05-10 16:06:58.9912  [WU#38 example_app_1652188201_32] Generating 1 more results (1 target - 0 unsent - 0 in progress - 0 success)
2022-05-10 16:06:58.9945  [WU#39 example_app_1652188201_33] Generating 1 more results (1 target - 0 unsent - 0 in progress - 0 success)
2022-05-10 16:06:58.9965  [WU#40 example_app_1652188201_34] Generating 1 more results (1 target - 0 unsent - 0 in progress - 0 success)
2022-05-10 16:06:59.0035  [WU#41 example_app_1652188201_35] Generating 1 more results (1 target - 0 unsent - 0 in progress - 0 success)
2022-05-10 16:06:59.0077  [WU#42 example_app_1652188201_36] Generating 1 more results (1 target - 0 unsent - 0 in progress - 0 success)
2022-05-10 16:06:59.0115  [WU#43 example_app_1652188201_37] Generating 1 more results (1 target - 0 unsent - 0 in progress - 0 success)
2022-05-10 16:06:59.0170  [WU#44 example_app_1652188201_38] Generating 1 more results (1 target - 0 unsent - 0 in progress - 0 success)
2022-05-10 16:21:19.2553  [WU#1 test_sort] Generating 1 more results (1 target - 0 unsent - 0 in progress - 0 success)
2022-05-10 16:21:19.2627  [WU#2 example_app_1652188201_0] Generating 1 more results (1 target - 0 unsent - 0 in progress - 0 success)
2022-05-10 16:21:19.2697  [WU#3 example_app_1652188201_1] Generating 1 more results (1 target - 0 unsent - 0 in progress - 0 success)
2022-05-10 16:21:19.2749  [WU#4 example_app_1652188201_2] Generating 1 more results (1 target - 0 unsent - 0 in progress - 0 success)
2022-05-10 16:21:19.2810  [WU#5 example_app_1652188201_3] Generating 1 more results (1 target - 0 unsent - 0 in progress - 0 success)
2022-05-10 16:21:19.2885  [WU#6 example_app_1652188201_4] Generating 1 more results (1 target - 0 unsent - 0 in progress - 0 success)
2022-05-10 16:21:19.2917  [WU#7 example_app_1652188201_5] Generating 1 more results (1 target - 0 unsent - 0 in progress - 0 success)
2022-05-10 16:21:19.2962  [WU#8 example_app_1652188201_6] Generating 1 more results (1 target - 0 unsent - 0 in progress - 0 success)
2022-05-10 16:21:19.2996  [WU#9 example_app_1652188201_7] Generating 1 more results (1 target - 0 unsent - 0 in progress - 0 success)
2022-05-10 16:21:19.3049  [WU#10 example_app_1652188201_8] Generating 1 more results (1 target - 0 unsent - 0 in progress - 0 success)
2022-05-10 16:21:19.3146  [WU#11 test1] Generating 1 more results (1 target - 0 unsent - 0 in progress - 0 success)
2022-05-10 16:21:19.3245  [WU#12 test_sort2] Generating 1 more results (1 target - 0 unsent - 0 in progress - 0 success)
2022-05-10 16:21:19.3353  [WU#23 worker_sort3] Generating 1 more results (1 target - 0 unsent - 0 in progress - 0 success)
2022-05-10 16:21:19.3503  [WU#24 example_app_1652188201_19] Generating 1 more results (1 target - 0 unsent - 0 in progress - 0 success)
2022-05-10 16:21:19.3616  [WU#25 example_app_1652188201_20] Generating 1 more results (1 target - 0 unsent - 0 in progress - 0 success)
2022-05-10 16:21:19.3754  [WU#26 example_app_1652188201_21] Generating 1 more results (1 target - 0 unsent - 0 in progress - 0 success)
2022-05-10 16:21:19.3863  [WU#27 example_app_1652188201_22] Generating 1 more results (1 target - 0 unsent - 0 in progress - 0 success)
2022-05-10 16:21:19.3949  [WU#28 example_app_1652188201_23] Generating 1 more results (1 target - 0 unsent - 0 in progress - 0 success)
2022-05-10 16:21:19.4054  [WU#29 example_app_1652188201_24] Generating 1 more results (1 target - 0 unsent - 0 in progress - 0 success)
2022-05-10 16:21:19.4152  [WU#30 example_app_1652188201_25] Generating 1 more results (1 target - 0 unsent - 0 in progress - 0 success)
2022-05-10 16:21:19.4233  [WU#31 example_app_1652188201_26] Generating 1 more results (1 target - 0 unsent - 0 in progress - 0 success)
2022-05-10 16:21:19.4318  [WU#32 example_app_1652188201_27] Generating 1 more results (1 target - 0 unsent - 0 in progress - 0 success)
2022-05-10 16:21:19.4421  [WU#33 example_app_1652188201_28] Generating 1 more results (1 target - 0 unsent - 0 in progress - 0 success)
2022-05-10 16:21:19.4507  [WU#34 worker_sort4] Generating 1 more results (1 target - 0 unsent - 0 in progress - 0 success)
2022-05-10 16:23:24.4948  [WU#45 example_app_1652188201_39] Generating 1 more results (1 target - 0 unsent - 0 in progress - 0 success)
2022-05-10 16:23:24.5033  [WU#46 example_app_1652188201_40] Generating 1 more results (1 target - 0 unsent - 0 in progress - 0 success)
2022-05-10 16:23:24.5077  [WU#47 example_app_1652188201_41] Generating 1 more results (1 target - 0 unsent - 0 in progress - 0 success)
2022-05-10 16:23:24.5106  [WU#48 example_app_1652188201_42] Generating 1 more results (1 target - 0 unsent - 0 in progress - 0 success)
2022-05-10 16:23:24.5125  [WU#49 example_app_1652188201_43] Generating 1 more results (1 target - 0 unsent - 0 in progress - 0 success)
2022-05-10 16:23:24.5200  [WU#50 example_app_1652188201_44] Generating 1 more results (1 target - 0 unsent - 0 in progress - 0 success)
2022-05-10 16:23:24.5236  [WU#51 example_app_1652188201_45] Generating 1 more results (1 target - 0 unsent - 0 in progress - 0 success)
2022-05-10 16:23:24.5272  [WU#52 example_app_1652188201_46] Generating 1 more results (1 target - 0 unsent - 0 in progress - 0 success)
2022-05-10 16:23:24.5306  [WU#53 example_app_1652188201_47] Generating 1 more results (1 target - 0 unsent - 0 in progress - 0 success)
2022-05-10 16:23:24.5326  [WU#54 example_app_1652188201_48] Generating 1 more results (1 target - 0 unsent - 0 in progress - 0 success)
2022-05-10 16:31:09.6562  [WU#55 worker_sort5] Generating 1 more results (1 target - 0 unsent - 0 in progress - 0 success)
2022-05-10 16:34:29.7149  [WU#56 example_app_1652188201_49] Generating 1 more results (1 target - 0 unsent - 0 in progress - 0 success)
2022-05-10 16:34:29.7217  [WU#57 example_app_1652188201_50] Generating 1 more results (1 target - 0 unsent - 0 in progress - 0 success)
2022-05-10 16:34:29.7313  [WU#58 example_app_1652188201_51] Generating 1 more results (1 target - 0 unsent - 0 in progress - 0 success)
2022-05-10 16:34:29.7414  [WU#59 example_app_1652188201_52] Generating 1 more results (1 target - 0 unsent - 0 in progress - 0 success)
2022-05-10 16:34:29.7496  [WU#60 example_app_1652188201_53] Generating 1 more results (1 target - 0 unsent - 0 in progress - 0 success)
2022-05-10 16:34:29.7557  [WU#61 example_app_1652188201_54] Generating 1 more results (1 target - 0 unsent - 0 in progress - 0 success)
2022-05-10 16:34:29.7588  [WU#62 example_app_1652188201_55] Generating 1 more results (1 target - 0 unsent - 0 in progress - 0 success)
2022-05-10 16:34:29.7605  [WU#63 example_app_1652188201_56] Generating 1 more results (1 target - 0 unsent - 0 in progress - 0 success)
2022-05-10 16:34:29.7756  [WU#64 example_app_1652188201_57] Generating 1 more results (1 target - 0 unsent - 0 in progress - 0 success)
2022-05-10 16:34:29.7829  [WU#65 example_app_1652188201_58] Generating 1 more results (1 target - 0 unsent - 0 in progress - 0 success)
2022-05-10 16:35:44.8233  [WU#67 worker_sort6] Generating 1 more results (1 target - 0 unsent - 0 in progress - 0 success)
2022-05-10 16:36:29.8431  [WU#45 example_app_1652188201_39] Generating 1 more results (1 target - 0 unsent - 0 in progress - 0 success)
2022-05-10 16:36:29.8493  [WU#46 example_app_1652188201_40] Generating 1 more results (1 target - 0 unsent - 0 in progress - 0 success)
2022-05-10 16:36:29.8628  [WU#47 example_app_1652188201_41] Generating 1 more results (1 target - 0 unsent - 0 in progress - 0 success)
2022-05-10 16:36:29.8687  [WU#48 example_app_1652188201_42] Generating 1 more results (1 target - 0 unsent - 0 in progress - 0 success)
2022-05-10 16:36:29.8752  [WU#49 example_app_1652188201_43] Generating 1 more results (1 target - 0 unsent - 0 in progress - 0 success)
2022-05-10 16:36:29.8805  [WU#50 example_app_1652188201_44] Generating 1 more results (1 target - 0 unsent - 0 in progress - 0 success)
2022-05-10 16:36:29.9072  [WU#51 example_app_1652188201_45] Generating 1 more results (1 target - 0 unsent - 0 in progress - 0 success)
2022-05-10 16:36:29.9517  [WU#52 example_app_1652188201_46] Generating 1 more results (1 target - 0 unsent - 0 in progress - 0 success)
2022-05-10 16:36:29.9587  [WU#53 example_app_1652188201_47] Generating 1 more results (1 target - 0 unsent - 0 in progress - 0 success)
2022-05-10 16:36:29.9605  [WU#54 example_app_1652188201_48] Generating 1 more results (1 target - 0 unsent - 0 in progress - 0 success)
2022-05-10 16:36:29.9636  [WU#55 worker_sort5] Generating 1 more results (1 target - 0 unsent - 0 in progress - 0 success)
2022-05-10 16:36:34.9694  [WU#68 example_app_1652188201_59] Generating 1 more results (1 target - 0 unsent - 0 in progress - 0 success)
2022-05-10 16:36:35.0013  [WU#69 example_app_1652188201_60] Generating 1 more results (1 target - 0 unsent - 0 in progress - 0 success)
2022-05-10 16:36:35.0136  [WU#70 example_app_1652188201_61] Generating 1 more results (1 target - 0 unsent - 0 in progress - 0 success)
2022-05-10 16:36:35.0223  [WU#71 example_app_1652188201_62] Generating 1 more results (1 target - 0 unsent - 0 in progress - 0 success)
2022-05-10 16:36:35.0318  [WU#72 example_app_1652188201_63] Generating 1 more results (1 target - 0 unsent - 0 in progress - 0 success)
2022-05-10 16:36:35.0359  [WU#73 example_app_1652188201_64] Generating 1 more results (1 target - 0 unsent - 0 in progress - 0 success)
2022-05-10 16:36:35.0394  [WU#74 example_app_1652188201_65] Generating 1 more results (1 target - 0 unsent - 0 in progress - 0 success)
2022-05-10 16:36:35.0434  [WU#75 example_app_1652188201_66] Generating 1 more results (1 target - 0 unsent - 0 in progress - 0 success)
2022-05-10 16:36:35.0472  [WU#76 example_app_1652188201_67] Generating 1 more results (1 target - 0 unsent - 0 in progress - 0 success)
2022-05-10 16:36:35.0509  [WU#77 example_app_1652188201_68] Generating 1 more results (1 target - 0 unsent - 0 in progress - 0 success)
2022-05-10 16:38:45.0920  [WU#56 example_app_1652188201_49] Generating 1 more results (1 target - 0 unsent - 0 in progress - 0 success)
2022-05-10 16:38:45.1015  [WU#57 example_app_1652188201_50] Generating 1 more results (1 target - 0 unsent - 0 in progress - 0 success)
2022-05-10 16:38:45.1106  [WU#58 example_app_1652188201_51] Generating 1 more results (1 target - 0 unsent - 0 in progress - 0 success)
2022-05-10 16:38:45.1269  [WU#59 example_app_1652188201_52] Generating 1 more results (1 target - 0 unsent - 0 in progress - 0 success)
2022-05-10 16:38:45.1436  [WU#60 example_app_1652188201_53] Generating 1 more results (1 target - 0 unsent - 0 in progress - 0 success)
2022-05-10 16:38:45.1646  [WU#61 example_app_1652188201_54] Generating 1 more results (1 target - 0 unsent - 0 in progress - 0 success)
2022-05-10 16:38:45.1760  [WU#62 example_app_1652188201_55] Generating 1 more results (1 target - 0 unsent - 0 in progress - 0 success)
2022-05-10 16:38:45.1799  [WU#63 example_app_1652188201_56] Generating 1 more results (1 target - 0 unsent - 0 in progress - 0 success)
2022-05-10 16:38:45.1828  [WU#64 example_app_1652188201_57] Generating 1 more results (1 target - 0 unsent - 0 in progress - 0 success)
2022-05-10 16:38:45.1844  [WU#65 example_app_1652188201_58] Generating 1 more results (1 target - 0 unsent - 0 in progress - 0 success)
2022-05-10 16:38:45.1878  [WU#67 worker_sort6] Generating 1 more results (1 target - 0 unsent - 0 in progress - 0 success)
2022-05-10 16:41:00.2275  [WU#45 example_app_1652188201_39] Generating 1 more results (1 target - 0 unsent - 0 in progress - 0 success)
2022-05-10 16:41:00.2388  [WU#46 example_app_1652188201_40] Generating 1 more results (1 target - 0 unsent - 0 in progress - 0 success)
2022-05-10 16:41:00.2462  [WU#47 example_app_1652188201_41] Generating 1 more results (1 target - 0 unsent - 0 in progress - 0 success)
2022-05-10 16:41:00.2574  [WU#48 example_app_1652188201_42] Generating 1 more results (1 target - 0 unsent - 0 in progress - 0 success)
2022-05-10 16:41:00.2688  [WU#49 example_app_1652188201_43] Generating 1 more results (1 target - 0 unsent - 0 in progress - 0 success)
2022-05-10 16:41:00.2850  [WU#50 example_app_1652188201_44] Generating 1 more results (1 target - 0 unsent - 0 in progress - 0 success)
2022-05-10 16:41:00.2916  [WU#51 example_app_1652188201_45] Generating 1 more results (1 target - 0 unsent - 0 in progress - 0 success)
2022-05-10 16:41:00.2961  [WU#52 example_app_1652188201_46] Generating 1 more results (1 target - 0 unsent - 0 in progress - 0 success)
2022-05-10 16:41:00.3049  [WU#53 example_app_1652188201_47] Generating 1 more results (1 target - 0 unsent - 0 in progress - 0 success)
2022-05-10 16:41:00.3151  [WU#54 example_app_1652188201_48] Generating 1 more results (1 target - 0 unsent - 0 in progress - 0 success)
2022-05-10 16:41:00.3251  [WU#55 worker_sort5] Generating 1 more results (1 target - 0 unsent - 0 in progress - 0 success)
2022-05-10 16:41:00.3384  [WU#68 example_app_1652188201_59] Generating 1 more results (1 target - 0 unsent - 0 in progress - 0 success)
2022-05-10 16:41:00.3522  [WU#69 example_app_1652188201_60] Generating 1 more results (1 target - 0 unsent - 0 in progress - 0 success)
2022-05-10 16:41:00.3676  [WU#70 example_app_1652188201_61] Generating 1 more results (1 target - 0 unsent - 0 in progress - 0 success)
2022-05-10 16:41:00.3896  [WU#71 example_app_1652188201_62] Generating 1 more results (1 target - 0 unsent - 0 in progress - 0 success)
2022-05-10 16:41:00.4072  [WU#72 example_app_1652188201_63] Generating 1 more results (1 target - 0 unsent - 0 in progress - 0 success)
2022-05-10 16:41:00.4251  [WU#73 example_app_1652188201_64] Generating 1 more results (1 target - 0 unsent - 0 in progress - 0 success)
2022-05-10 16:41:00.4347  [WU#74 example_app_1652188201_65] Generating 1 more results (1 target - 0 unsent - 0 in progress - 0 success)
2022-05-10 16:41:00.4525  [WU#75 example_app_1652188201_66] Generating 1 more results (1 target - 0 unsent - 0 in progress - 0 success)
2022-05-10 16:41:00.4669  [WU#76 example_app_1652188201_67] Generating 1 more results (1 target - 0 unsent - 0 in progress - 0 success)
2022-05-10 16:41:00.4758  [WU#77 example_app_1652188201_68] Generating 1 more results (1 target - 0 unsent - 0 in progress - 0 success)
2022-05-10 16:41:00.4837  [WU#78 example_app_1652188201_69] Generating 1 more results (1 target - 0 unsent - 0 in progress - 0 success)
2022-05-10 16:41:00.5035  [WU#79 example_app_1652188201_70] Generating 1 more results (1 target - 0 unsent - 0 in progress - 0 success)
2022-05-10 16:41:00.5113  [WU#80 example_app_1652188201_71] Generating 1 more results (1 target - 0 unsent - 0 in progress - 0 success)
2022-05-10 16:41:00.5248  [WU#81 example_app_1652188201_72] Generating 1 more results (1 target - 0 unsent - 0 in progress - 0 success)
2022-05-10 16:41:00.5442  [WU#82 example_app_1652188201_73] Generating 1 more results (1 target - 0 unsent - 0 in progress - 0 success)
2022-05-10 16:41:00.5640  [WU#83 example_app_1652188201_74] Generating 1 more results (1 target - 0 unsent - 0 in progress - 0 success)
2022-05-10 16:41:00.5798  [WU#84 example_app_1652188201_75] Generating 1 more results (1 target - 0 unsent - 0 in progress - 0 success)
2022-05-10 16:41:00.5907  [WU#85 example_app_1652188201_76] Generating 1 more results (1 target - 0 unsent - 0 in progress - 0 success)
2022-05-10 16:41:00.6003  [WU#86 example_app_1652188201_77] Generating 1 more results (1 target - 0 unsent - 0 in progress - 0 success)
2022-05-10 16:41:00.6173  [WU#87 example_app_1652188201_78] Generating 1 more results (1 target - 0 unsent - 0 in progress - 0 success)
2022-05-10 16:41:15.6391  [WU#88 example_app_1652188201_79] Generating 1 more results (1 target - 0 unsent - 0 in progress - 0 success)
2022-05-10 16:41:15.6441  [WU#89 example_app_1652188201_80] Generating 1 more results (1 target - 0 unsent - 0 in progress - 0 success)
2022-05-10 16:41:15.6475  [WU#90 example_app_1652188201_81] Generating 1 more results (1 target - 0 unsent - 0 in progress - 0 success)
2022-05-10 16:41:15.6547  [WU#91 example_app_1652188201_82] Generating 1 more results (1 target - 0 unsent - 0 in progress - 0 success)
2022-05-10 16:41:15.6610  [WU#92 example_app_1652188201_83] Generating 1 more results (1 target - 0 unsent - 0 in progress - 0 success)
2022-05-10 16:41:15.6666  [WU#93 example_app_1652188201_84] Generating 1 more results (1 target - 0 unsent - 0 in progress - 0 success)
2022-05-10 16:41:15.6709  [WU#94 example_app_1652188201_85] Generating 1 more results (1 target - 0 unsent - 0 in progress - 0 success)
2022-05-10 16:41:15.6782  [WU#95 example_app_1652188201_86] Generating 1 more results (1 target - 0 unsent - 0 in progress - 0 success)
2022-05-10 16:41:15.6802  [WU#96 example_app_1652188201_87] Generating 1 more results (1 target - 0 unsent - 0 in progress - 0 success)
2022-05-10 16:41:15.6845  [WU#97 example_app_1652188201_88] Generating 1 more results (1 target - 0 unsent - 0 in progress - 0 success)
2022-05-11 15:43:54.5416  [WU#13 example_app_1652188201_9] [RESULT#13 example_app_1652188201_9_0] result timed out (1652283831 < 1652283834) server_state:IN_PROGRESS=>OVER; outcome:NO_REPLY
2022-05-11 15:43:54.8838  [WU#13 example_app_1652188201_9] Generating 1 more results (1 target - 0 unsent - 0 in progress - 0 success)
2022-05-11 15:43:54.9497  [WU#14 example_app_1652188201_10] [RESULT#14 example_app_1652188201_10_0] result timed out (1652283831 < 1652283834) server_state:IN_PROGRESS=>OVER; outcome:NO_REPLY
2022-05-11 15:43:54.9620  [WU#14 example_app_1652188201_10] Generating 1 more results (1 target - 0 unsent - 0 in progress - 0 success)
2022-05-11 15:43:54.9687  [WU#15 example_app_1652188201_11] [RESULT#15 example_app_1652188201_11_0] result timed out (1652283831 < 1652283834) server_state:IN_PROGRESS=>OVER; outcome:NO_REPLY
2022-05-11 15:43:54.9763  [WU#15 example_app_1652188201_11] Generating 1 more results (1 target - 0 unsent - 0 in progress - 0 success)
2022-05-11 15:43:54.9846  [WU#16 example_app_1652188201_12] [RESULT#16 example_app_1652188201_12_0] result timed out (1652283831 < 1652283834) server_state:IN_PROGRESS=>OVER; outcome:NO_REPLY
2022-05-11 15:43:54.9933  [WU#16 example_app_1652188201_12] Generating 1 more results (1 target - 0 unsent - 0 in progress - 0 success)
2022-05-11 15:43:55.0045  [WU#17 example_app_1652188201_13] [RESULT#17 example_app_1652188201_13_0] result timed out (1652283831 < 1652283835) server_state:IN_PROGRESS=>OVER; outcome:NO_REPLY
2022-05-11 15:43:55.0134  [WU#17 example_app_1652188201_13] Generating 1 more results (1 target - 0 unsent - 0 in progress - 0 success)
2022-05-11 15:43:55.0214  [WU#18 example_app_1652188201_14] [RESULT#18 example_app_1652188201_14_0] result timed out (1652283831 < 1652283835) server_state:IN_PROGRESS=>OVER; outcome:NO_REPLY
2022-05-11 15:43:55.0295  [WU#18 example_app_1652188201_14] Generating 1 more results (1 target - 0 unsent - 0 in progress - 0 success)
2022-05-11 15:43:55.0381  [WU#19 example_app_1652188201_15] [RESULT#19 example_app_1652188201_15_0] result timed out (1652283831 < 1652283835) server_state:IN_PROGRESS=>OVER; outcome:NO_REPLY
2022-05-11 15:43:55.0519  [WU#19 example_app_1652188201_15] Generating 1 more results (1 target - 0 unsent - 0 in progress - 0 success)
2022-05-11 15:43:55.0566  [WU#20 example_app_1652188201_16] [RESULT#20 example_app_1652188201_16_0] result timed out (1652283831 < 1652283835) server_state:IN_PROGRESS=>OVER; outcome:NO_REPLY
2022-05-11 15:43:55.0669  [WU#20 example_app_1652188201_16] Generating 1 more results (1 target - 0 unsent - 0 in progress - 0 success)
2022-05-11 15:43:55.0750  [WU#21 example_app_1652188201_17] [RESULT#21 example_app_1652188201_17_0] result timed out (1652283831 < 1652283835) server_state:IN_PROGRESS=>OVER; outcome:NO_REPLY
2022-05-11 15:43:55.0825  [WU#21 example_app_1652188201_17] Generating 1 more results (1 target - 0 unsent - 0 in progress - 0 success)
2022-05-11 15:43:55.0911  [WU#22 example_app_1652188201_18] [RESULT#22 example_app_1652188201_18_0] result timed out (1652283831 < 1652283835) server_state:IN_PROGRESS=>OVER; outcome:NO_REPLY
2022-05-11 15:43:55.0986  [WU#22 example_app_1652188201_18] Generating 1 more results (1 target - 0 unsent - 0 in progress - 0 success)
2022-05-11 16:21:20.5309  [WU#35 example_app_1652188201_29] [RESULT#60 example_app_1652188201_29_0] result timed out (1652286078 < 1652286080) server_state:IN_PROGRESS=>OVER; outcome:NO_REPLY
2022-05-11 16:21:20.5437  [WU#35 example_app_1652188201_29] Generating 1 more results (1 target - 0 unsent - 0 in progress - 0 success)
2022-05-11 16:21:20.5546  [WU#36 example_app_1652188201_30] [RESULT#61 example_app_1652188201_30_0] result timed out (1652286078 < 1652286080) server_state:IN_PROGRESS=>OVER; outcome:NO_REPLY
2022-05-11 16:21:20.5602  [WU#36 example_app_1652188201_30] Generating 1 more results (1 target - 0 unsent - 0 in progress - 0 success)
2022-05-11 16:21:20.5646  [WU#37 example_app_1652188201_31] [RESULT#62 example_app_1652188201_31_0] result timed out (1652286078 < 1652286080) server_state:IN_PROGRESS=>OVER; outcome:NO_REPLY
2022-05-11 16:21:20.5691  [WU#37 example_app_1652188201_31] Generating 1 more results (1 target - 0 unsent - 0 in progress - 0 success)
2022-05-11 16:21:20.5772  [WU#38 example_app_1652188201_32] [RESULT#63 example_app_1652188201_32_0] result timed out (1652286078 < 1652286080) server_state:IN_PROGRESS=>OVER; outcome:NO_REPLY
2022-05-11 16:21:20.5864  [WU#38 example_app_1652188201_32] Generating 1 more results (1 target - 0 unsent - 0 in progress - 0 success)
2022-05-11 16:21:20.6049  [WU#39 example_app_1652188201_33] [RESULT#64 example_app_1652188201_33_0] result timed out (1652286078 < 1652286080) server_state:IN_PROGRESS=>OVER; outcome:NO_REPLY
2022-05-11 16:21:20.6193  [WU#39 example_app_1652188201_33] Generating 1 more results (1 target - 0 unsent - 0 in progress - 0 success)
2022-05-11 16:21:20.6320  [WU#40 example_app_1652188201_34] [RESULT#65 example_app_1652188201_34_0] result timed out (1652286078 < 1652286080) server_state:IN_PROGRESS=>OVER; outcome:NO_REPLY
2022-05-11 16:21:20.6392  [WU#40 example_app_1652188201_34] Generating 1 more results (1 target - 0 unsent - 0 in progress - 0 success)
2022-05-11 16:21:20.6442  [WU#41 example_app_1652188201_35] [RESULT#66 example_app_1652188201_35_0] result timed out (1652286078 < 1652286080) server_state:IN_PROGRESS=>OVER; outcome:NO_REPLY
2022-05-11 16:21:20.6533  [WU#41 example_app_1652188201_35] Generating 1 more results (1 target - 0 unsent - 0 in progress - 0 success)
2022-05-11 16:21:20.6605  [WU#42 example_app_1652188201_36] [RESULT#67 example_app_1652188201_36_0] result timed out (1652286078 < 1652286080) server_state:IN_PROGRESS=>OVER; outcome:NO_REPLY
2022-05-11 16:21:20.6689  [WU#42 example_app_1652188201_36] Generating 1 more results (1 target - 0 unsent - 0 in progress - 0 success)
2022-05-11 16:21:20.6784  [WU#43 example_app_1652188201_37] [RESULT#68 example_app_1652188201_37_0] result timed out (1652286078 < 1652286080) server_state:IN_PROGRESS=>OVER; outcome:NO_REPLY
2022-05-11 16:21:20.6887  [WU#43 example_app_1652188201_37] Generating 1 more results (1 target - 0 unsent - 0 in progress - 0 success)
2022-05-11 16:21:20.6968  [WU#44 example_app_1652188201_38] [RESULT#69 example_app_1652188201_38_0] result timed out (1652286078 < 1652286080) server_state:IN_PROGRESS=>OVER; outcome:NO_REPLY
2022-05-11 16:21:20.7059  [WU#44 example_app_1652188201_38] Generating 1 more results (1 target - 0 unsent - 0 in progress - 0 success)
2022-05-11 16:23:15.7437  [WU#2 example_app_1652188201_0] [RESULT#71 example_app_1652188201_0_3] result timed out (1652286192 < 1652286195) server_state:IN_PROGRESS=>OVER; outcome:NO_REPLY
2022-05-11 16:23:15.7485  [WU#2 example_app_1652188201_0] Generating 1 more results (1 target - 0 unsent - 0 in progress - 0 success)
2022-05-11 16:23:15.7526  [WU#3 example_app_1652188201_1] [RESULT#72 example_app_1652188201_1_3] result timed out (1652286192 < 1652286195) server_state:IN_PROGRESS=>OVER; outcome:NO_REPLY
2022-05-11 16:23:15.7562  [WU#3 example_app_1652188201_1] Generating 1 more results (1 target - 0 unsent - 0 in progress - 0 success)
2022-05-11 16:23:15.7620  [WU#4 example_app_1652188201_2] [RESULT#73 example_app_1652188201_2_3] result timed out (1652286192 < 1652286195) server_state:IN_PROGRESS=>OVER; outcome:NO_REPLY
2022-05-11 16:23:15.8032  [WU#4 example_app_1652188201_2] Generating 1 more results (1 target - 0 unsent - 0 in progress - 0 success)
2022-05-11 16:23:15.8108  [WU#5 example_app_1652188201_3] [RESULT#74 example_app_1652188201_3_3] result timed out (1652286192 < 1652286195) server_state:IN_PROGRESS=>OVER; outcome:NO_REPLY
2022-05-11 16:23:15.8143  [WU#5 example_app_1652188201_3] Generating 1 more results (1 target - 0 unsent - 0 in progress - 0 success)
2022-05-11 16:23:15.8176  [WU#6 example_app_1652188201_4] [RESULT#75 example_app_1652188201_4_3] result timed out (1652286192 < 1652286195) server_state:IN_PROGRESS=>OVER; outcome:NO_REPLY
2022-05-11 16:23:15.8227  [WU#6 example_app_1652188201_4] Generating 1 more results (1 target - 0 unsent - 0 in progress - 0 success)
2022-05-11 16:23:15.8267  [WU#7 example_app_1652188201_5] [RESULT#76 example_app_1652188201_5_3] result timed out (1652286192 < 1652286195) server_state:IN_PROGRESS=>OVER; outcome:NO_REPLY
2022-05-11 16:23:15.8287  [WU#7 example_app_1652188201_5] Generating 1 more results (1 target - 0 unsent - 0 in progress - 0 success)
2022-05-11 16:23:15.8317  [WU#8 example_app_1652188201_6] [RESULT#77 example_app_1652188201_6_3] result timed out (1652286192 < 1652286195) server_state:IN_PROGRESS=>OVER; outcome:NO_REPLY
2022-05-11 16:23:15.8370  [WU#8 example_app_1652188201_6] Generating 1 more results (1 target - 0 unsent - 0 in progress - 0 success)
2022-05-11 16:23:15.8450  [WU#9 example_app_1652188201_7] [RESULT#78 example_app_1652188201_7_3] result timed out (1652286192 < 1652286195) server_state:IN_PROGRESS=>OVER; outcome:NO_REPLY
2022-05-11 16:23:15.8539  [WU#9 example_app_1652188201_7] Generating 1 more results (1 target - 0 unsent - 0 in progress - 0 success)
2022-05-11 16:23:15.8627  [WU#10 example_app_1652188201_8] [RESULT#79 example_app_1652188201_8_3] result timed out (1652286192 < 1652286195) server_state:IN_PROGRESS=>OVER; outcome:NO_REPLY
2022-05-11 16:23:15.8693  [WU#10 example_app_1652188201_8] Generating 1 more results (1 target - 0 unsent - 0 in progress - 0 success)
2022-05-11 16:23:15.8845  [WU#24 example_app_1652188201_19] [RESULT#83 example_app_1652188201_19_1] result timed out (1652286192 < 1652286195) server_state:IN_PROGRESS=>OVER; outcome:NO_REPLY
2022-05-11 16:23:15.8926  [WU#24 example_app_1652188201_19] Generating 1 more results (1 target - 0 unsent - 0 in progress - 0 success)
2022-05-11 16:23:15.9012  [WU#25 example_app_1652188201_20] [RESULT#84 example_app_1652188201_20_1] result timed out (1652286192 < 1652286195) server_state:IN_PROGRESS=>OVER; outcome:NO_REPLY
2022-05-11 16:23:15.9092  [WU#25 example_app_1652188201_20] Generating 1 more results (1 target - 0 unsent - 0 in progress - 0 success)
2022-05-11 16:23:15.9165  [WU#26 example_app_1652188201_21] [RESULT#85 example_app_1652188201_21_1] result timed out (1652286192 < 1652286195) server_state:IN_PROGRESS=>OVER; outcome:NO_REPLY
2022-05-11 16:23:15.9347  [WU#26 example_app_1652188201_21] Generating 1 more results (1 target - 0 unsent - 0 in progress - 0 success)
2022-05-11 16:23:15.9419  [WU#27 example_app_1652188201_22] [RESULT#86 example_app_1652188201_22_1] result timed out (1652286192 < 1652286195) server_state:IN_PROGRESS=>OVER; outcome:NO_REPLY
2022-05-11 16:23:15.9518  [WU#27 example_app_1652188201_22] Generating 1 more results (1 target - 0 unsent - 0 in progress - 0 success)
2022-05-11 16:23:15.9576  [WU#28 example_app_1652188201_23] [RESULT#87 example_app_1652188201_23_1] result timed out (1652286192 < 1652286195) server_state:IN_PROGRESS=>OVER; outcome:NO_REPLY
2022-05-11 16:23:15.9657  [WU#28 example_app_1652188201_23] Generating 1 more results (1 target - 0 unsent - 0 in progress - 0 success)
2022-05-11 16:23:15.9742  [WU#29 example_app_1652188201_24] [RESULT#88 example_app_1652188201_24_1] result timed out (1652286192 < 1652286195) server_state:IN_PROGRESS=>OVER; outcome:NO_REPLY
2022-05-11 16:23:15.9835  [WU#29 example_app_1652188201_24] Generating 1 more results (1 target - 0 unsent - 0 in progress - 0 success)
2022-05-11 16:23:15.9917  [WU#30 example_app_1652188201_25] [RESULT#89 example_app_1652188201_25_1] result timed out (1652286192 < 1652286195) server_state:IN_PROGRESS=>OVER; outcome:NO_REPLY
2022-05-11 16:23:15.9976  [WU#30 example_app_1652188201_25] Generating 1 more results (1 target - 0 unsent - 0 in progress - 0 success)
2022-05-11 16:23:16.0050  [WU#31 example_app_1652188201_26] [RESULT#90 example_app_1652188201_26_1] result timed out (1652286192 < 1652286196) server_state:IN_PROGRESS=>OVER; outcome:NO_REPLY
2022-05-11 16:23:16.0136  [WU#31 example_app_1652188201_26] Generating 1 more results (1 target - 0 unsent - 0 in progress - 0 success)
2022-05-11 16:23:16.0215  [WU#32 example_app_1652188201_27] [RESULT#91 example_app_1652188201_27_1] result timed out (1652286192 < 1652286196) server_state:IN_PROGRESS=>OVER; outcome:NO_REPLY
2022-05-11 16:23:16.0290  [WU#32 example_app_1652188201_27] Generating 1 more results (1 target - 0 unsent - 0 in progress - 0 success)
2022-05-11 16:23:16.0389  [WU#33 example_app_1652188201_28] [RESULT#92 example_app_1652188201_28_1] result timed out (1652286192 < 1652286196) server_state:IN_PROGRESS=>OVER; outcome:NO_REPLY
2022-05-11 16:23:16.0478  [WU#33 example_app_1652188201_28] Generating 1 more results (1 target - 0 unsent - 0 in progress - 0 success)
2022-05-11 16:41:01.2593  [WU#56 example_app_1652188201_49] [RESULT#137 example_app_1652188201_49_1] result timed out (1652287258 < 1652287261) server_state:IN_PROGRESS=>OVER; outcome:NO_REPLY
2022-05-11 16:41:01.2648  [WU#56 example_app_1652188201_49] Generating 1 more results (1 target - 0 unsent - 0 in progress - 0 success)
2022-05-11 16:41:01.2686  [WU#57 example_app_1652188201_50] [RESULT#138 example_app_1652188201_50_1] result timed out (1652287258 < 1652287261) server_state:IN_PROGRESS=>OVER; outcome:NO_REPLY
2022-05-11 16:41:01.2751  [WU#57 example_app_1652188201_50] Generating 1 more results (1 target - 0 unsent - 0 in progress - 0 success)
2022-05-11 16:41:01.2789  [WU#58 example_app_1652188201_51] [RESULT#139 example_app_1652188201_51_1] result timed out (1652287258 < 1652287261) server_state:IN_PROGRESS=>OVER; outcome:NO_REPLY
2022-05-11 16:41:01.2826  [WU#58 example_app_1652188201_51] Generating 1 more results (1 target - 0 unsent - 0 in progress - 0 success)
2022-05-11 16:41:01.2995  [WU#59 example_app_1652188201_52] [RESULT#140 example_app_1652188201_52_1] result timed out (1652287258 < 1652287261) server_state:IN_PROGRESS=>OVER; outcome:NO_REPLY
2022-05-11 16:41:01.3156  [WU#59 example_app_1652188201_52] Generating 1 more results (1 target - 0 unsent - 0 in progress - 0 success)
2022-05-11 16:41:01.3241  [WU#60 example_app_1652188201_53] [RESULT#141 example_app_1652188201_53_1] result timed out (1652287258 < 1652287261) server_state:IN_PROGRESS=>OVER; outcome:NO_REPLY
2022-05-11 16:41:01.3324  [WU#60 example_app_1652188201_53] Generating 1 more results (1 target - 0 unsent - 0 in progress - 0 success)
2022-05-11 16:41:01.3477  [WU#61 example_app_1652188201_54] [RESULT#142 example_app_1652188201_54_1] result timed out (1652287258 < 1652287261) server_state:IN_PROGRESS=>OVER; outcome:NO_REPLY
2022-05-11 16:41:01.3605  [WU#61 example_app_1652188201_54] Generating 1 more results (1 target - 0 unsent - 0 in progress - 0 success)
2022-05-11 16:41:01.3697  [WU#62 example_app_1652188201_55] [RESULT#143 example_app_1652188201_55_1] result timed out (1652287258 < 1652287261) server_state:IN_PROGRESS=>OVER; outcome:NO_REPLY
2022-05-11 16:41:01.3844  [WU#62 example_app_1652188201_55] Generating 1 more results (1 target - 0 unsent - 0 in progress - 0 success)
2022-05-11 16:41:01.3954  [WU#63 example_app_1652188201_56] [RESULT#144 example_app_1652188201_56_1] result timed out (1652287258 < 1652287261) server_state:IN_PROGRESS=>OVER; outcome:NO_REPLY
2022-05-11 16:41:01.4095  [WU#63 example_app_1652188201_56] Generating 1 more results (1 target - 0 unsent - 0 in progress - 0 success)
2022-05-11 16:41:01.4171  [WU#64 example_app_1652188201_57] [RESULT#145 example_app_1652188201_57_1] result timed out (1652287258 < 1652287261) server_state:IN_PROGRESS=>OVER; outcome:NO_REPLY
2022-05-11 16:41:01.4261  [WU#64 example_app_1652188201_57] Generating 1 more results (1 target - 0 unsent - 0 in progress - 0 success)
2022-05-11 16:41:01.4399  [WU#65 example_app_1652188201_58] [RESULT#146 example_app_1652188201_58_1] result timed out (1652287258 < 1652287261) server_state:IN_PROGRESS=>OVER; outcome:NO_REPLY
2022-05-11 16:41:01.4521  [WU#65 example_app_1652188201_58] Generating 1 more results (1 target - 0 unsent - 0 in progress - 0 success)
2022-05-11 16:41:16.4680  [WU#45 example_app_1652188201_39] [RESULT#148 example_app_1652188201_39_2] result timed out (1652287272 < 1652287276) server_state:IN_PROGRESS=>OVER; outcome:NO_REPLY
2022-05-11 16:41:16.4727  [WU#45 example_app_1652188201_39] Generating 1 more results (1 target - 0 unsent - 0 in progress - 0 success)
2022-05-11 16:41:16.4764  [WU#46 example_app_1652188201_40] [RESULT#149 example_app_1652188201_40_2] result timed out (1652287272 < 1652287276) server_state:IN_PROGRESS=>OVER; outcome:NO_REPLY
2022-05-11 16:41:16.4798  [WU#46 example_app_1652188201_40] Generating 1 more results (1 target - 0 unsent - 0 in progress - 0 success)
2022-05-11 16:41:16.4839  [WU#47 example_app_1652188201_41] [RESULT#150 example_app_1652188201_41_2] result timed out (1652287272 < 1652287276) server_state:IN_PROGRESS=>OVER; outcome:NO_REPLY
2022-05-11 16:41:16.4973  [WU#47 example_app_1652188201_41] Generating 1 more results (1 target - 0 unsent - 0 in progress - 0 success)
2022-05-11 16:41:16.5038  [WU#48 example_app_1652188201_42] [RESULT#151 example_app_1652188201_42_2] result timed out (1652287272 < 1652287276) server_state:IN_PROGRESS=>OVER; outcome:NO_REPLY
2022-05-11 16:41:16.5071  [WU#48 example_app_1652188201_42] Generating 1 more results (1 target - 0 unsent - 0 in progress - 0 success)
2022-05-11 16:41:16.5136  [WU#49 example_app_1652188201_43] [RESULT#152 example_app_1652188201_43_2] result timed out (1652287272 < 1652287276) server_state:IN_PROGRESS=>OVER; outcome:NO_REPLY
2022-05-11 16:41:16.5291  [WU#49 example_app_1652188201_43] Generating 1 more results (1 target - 0 unsent - 0 in progress - 0 success)
2022-05-11 16:41:16.5367  [WU#50 example_app_1652188201_44] [RESULT#153 example_app_1652188201_44_2] result timed out (1652287272 < 1652287276) server_state:IN_PROGRESS=>OVER; outcome:NO_REPLY
2022-05-11 16:41:16.5440  [WU#50 example_app_1652188201_44] Generating 1 more results (1 target - 0 unsent - 0 in progress - 0 success)
2022-05-11 16:41:16.5534  [WU#51 example_app_1652188201_45] [RESULT#154 example_app_1652188201_45_2] result timed out (1652287272 < 1652287276) server_state:IN_PROGRESS=>OVER; outcome:NO_REPLY
2022-05-11 16:41:16.5624  [WU#51 example_app_1652188201_45] Generating 1 more results (1 target - 0 unsent - 0 in progress - 0 success)
2022-05-11 16:41:16.5706  [WU#52 example_app_1652188201_46] [RESULT#155 example_app_1652188201_46_2] result timed out (1652287272 < 1652287276) server_state:IN_PROGRESS=>OVER; outcome:NO_REPLY
2022-05-11 16:41:16.5780  [WU#52 example_app_1652188201_46] Generating 1 more results (1 target - 0 unsent - 0 in progress - 0 success)
2022-05-11 16:41:16.5860  [WU#53 example_app_1652188201_47] [RESULT#156 example_app_1652188201_47_2] result timed out (1652287272 < 1652287276) server_state:IN_PROGRESS=>OVER; outcome:NO_REPLY
2022-05-11 16:41:16.5944  [WU#53 example_app_1652188201_47] Generating 1 more results (1 target - 0 unsent - 0 in progress - 0 success)
2022-05-11 16:41:16.6037  [WU#54 example_app_1652188201_48] [RESULT#157 example_app_1652188201_48_2] result timed out (1652287272 < 1652287276) server_state:IN_PROGRESS=>OVER; outcome:NO_REPLY
2022-05-11 16:41:16.6142  [WU#54 example_app_1652188201_48] Generating 1 more results (1 target - 0 unsent - 0 in progress - 0 success)
2022-05-11 16:41:16.6225  [WU#68 example_app_1652188201_59] [RESULT#159 example_app_1652188201_59_1] result timed out (1652287272 < 1652287276) server_state:IN_PROGRESS=>OVER; outcome:NO_REPLY
2022-05-11 16:41:16.6304  [WU#68 example_app_1652188201_59] Generating 1 more results (1 target - 0 unsent - 0 in progress - 0 success)
2022-05-11 16:41:16.6398  [WU#69 example_app_1652188201_60] [RESULT#160 example_app_1652188201_60_1] result timed out (1652287272 < 1652287276) server_state:IN_PROGRESS=>OVER; outcome:NO_REPLY
2022-05-11 16:41:16.6486  [WU#69 example_app_1652188201_60] Generating 1 more results (1 target - 0 unsent - 0 in progress - 0 success)
2022-05-11 16:41:16.6558  [WU#70 example_app_1652188201_61] [RESULT#161 example_app_1652188201_61_1] result timed out (1652287272 < 1652287276) server_state:IN_PROGRESS=>OVER; outcome:NO_REPLY
2022-05-11 16:41:16.6640  [WU#70 example_app_1652188201_61] Generating 1 more results (1 target - 0 unsent - 0 in progress - 0 success)
2022-05-11 16:41:16.6686  [WU#71 example_app_1652188201_62] [RESULT#162 example_app_1652188201_62_1] result timed out (1652287272 < 1652287276) server_state:IN_PROGRESS=>OVER; outcome:NO_REPLY
2022-05-11 16:41:16.6765  [WU#71 example_app_1652188201_62] Generating 1 more results (1 target - 0 unsent - 0 in progress - 0 success)
2022-05-11 16:41:16.6844  [WU#72 example_app_1652188201_63] [RESULT#163 example_app_1652188201_63_1] result timed out (1652287271 < 1652287276) server_state:IN_PROGRESS=>OVER; outcome:NO_REPLY
2022-05-11 16:41:16.6920  [WU#72 example_app_1652188201_63] Generating 1 more results (1 target - 0 unsent - 0 in progress - 0 success)
2022-05-11 16:41:16.7000  [WU#73 example_app_1652188201_64] [RESULT#164 example_app_1652188201_64_1] result timed out (1652287272 < 1652287276) server_state:IN_PROGRESS=>OVER; outcome:NO_REPLY
2022-05-11 16:41:16.7081  [WU#73 example_app_1652188201_64] Generating 1 more results (1 target - 0 unsent - 0 in progress - 0 success)
2022-05-11 16:41:16.7165  [WU#74 example_app_1652188201_65] [RESULT#165 example_app_1652188201_65_1] result timed out (1652287272 < 1652287276) server_state:IN_PROGRESS=>OVER; outcome:NO_REPLY
2022-05-11 16:41:16.7251  [WU#74 example_app_1652188201_65] Generating 1 more results (1 target - 0 unsent - 0 in progress - 0 success)
2022-05-11 16:41:16.7372  [WU#75 example_app_1652188201_66] [RESULT#166 example_app_1652188201_66_1] result timed out (1652287272 < 1652287276) server_state:IN_PROGRESS=>OVER; outcome:NO_REPLY
2022-05-11 16:41:16.7466  [WU#75 example_app_1652188201_66] Generating 1 more results (1 target - 0 unsent - 0 in progress - 0 success)
2022-05-11 16:41:16.7560  [WU#76 example_app_1652188201_67] [RESULT#167 example_app_1652188201_67_1] result timed out (1652287272 < 1652287276) server_state:IN_PROGRESS=>OVER; outcome:NO_REPLY
2022-05-11 16:41:16.7645  [WU#76 example_app_1652188201_67] Generating 1 more results (1 target - 0 unsent - 0 in progress - 0 success)
2022-05-11 16:41:16.7715  [WU#77 example_app_1652188201_68] [RESULT#168 example_app_1652188201_68_1] result timed out (1652287271 < 1652287276) server_state:IN_PROGRESS=>OVER; outcome:NO_REPLY
2022-05-11 16:41:16.7771  [WU#77 example_app_1652188201_68] Generating 1 more results (1 target - 0 unsent - 0 in progress - 0 success)
2022-05-11 16:41:16.7863  [WU#78 example_app_1652188201_69] [RESULT#169 example_app_1652188201_69_0] result timed out (1652287271 < 1652287276) server_state:IN_PROGRESS=>OVER; outcome:NO_REPLY
2022-05-11 16:41:16.7949  [WU#78 example_app_1652188201_69] Generating 1 more results (1 target - 0 unsent - 0 in progress - 0 success)
2022-05-11 16:41:16.8039  [WU#79 example_app_1652188201_70] [RESULT#170 example_app_1652188201_70_0] result timed out (1652287271 < 1652287276) server_state:IN_PROGRESS=>OVER; outcome:NO_REPLY
2022-05-11 16:41:16.8087  [WU#79 example_app_1652188201_70] Generating 1 more results (1 target - 0 unsent - 0 in progress - 0 success)
2022-05-11 16:41:16.8179  [WU#80 example_app_1652188201_71] [RESULT#171 example_app_1652188201_71_0] result timed out (1652287271 < 1652287276) server_state:IN_PROGRESS=>OVER; outcome:NO_REPLY
2022-05-11 16:41:16.8255  [WU#80 example_app_1652188201_71] Generating 1 more results (1 target - 0 unsent - 0 in progress - 0 success)
2022-05-11 16:41:16.8358  [WU#81 example_app_1652188201_72] [RESULT#172 example_app_1652188201_72_0] result timed out (1652287271 < 1652287276) server_state:IN_PROGRESS=>OVER; outcome:NO_REPLY
2022-05-11 16:41:16.8435  [WU#81 example_app_1652188201_72] Generating 1 more results (1 target - 0 unsent - 0 in progress - 0 success)
2022-05-11 16:41:16.8518  [WU#82 example_app_1652188201_73] [RESULT#173 example_app_1652188201_73_0] result timed out (1652287271 < 1652287276) server_state:IN_PROGRESS=>OVER; outcome:NO_REPLY
2022-05-11 16:41:16.8565  [WU#82 example_app_1652188201_73] Generating 1 more results (1 target - 0 unsent - 0 in progress - 0 success)
2022-05-11 16:41:16.8606  [WU#83 example_app_1652188201_74] [RESULT#174 example_app_1652188201_74_0] result timed out (1652287271 < 1652287276) server_state:IN_PROGRESS=>OVER; outcome:NO_REPLY
2022-05-11 16:41:16.8693  [WU#83 example_app_1652188201_74] Generating 1 more results (1 target - 0 unsent - 0 in progress - 0 success)
2022-05-11 16:41:16.8768  [WU#84 example_app_1652188201_75] [RESULT#175 example_app_1652188201_75_0] result timed out (1652287271 < 1652287276) server_state:IN_PROGRESS=>OVER; outcome:NO_REPLY
2022-05-11 16:41:16.8854  [WU#84 example_app_1652188201_75] Generating 1 more results (1 target - 0 unsent - 0 in progress - 0 success)
2022-05-11 16:41:16.8940  [WU#85 example_app_1652188201_76] [RESULT#176 example_app_1652188201_76_0] result timed out (1652287271 < 1652287276) server_state:IN_PROGRESS=>OVER; outcome:NO_REPLY
2022-05-11 16:41:16.9031  [WU#85 example_app_1652188201_76] Generating 1 more results (1 target - 0 unsent - 0 in progress - 0 success)
2022-05-11 16:41:16.9130  [WU#86 example_app_1652188201_77] [RESULT#177 example_app_1652188201_77_0] result timed out (1652287271 < 1652287276) server_state:IN_PROGRESS=>OVER; outcome:NO_REPLY
2022-05-11 16:41:16.9212  [WU#86 example_app_1652188201_77] Generating 1 more results (1 target - 0 unsent - 0 in progress - 0 success)
2022-05-11 16:41:16.9305  [WU#87 example_app_1652188201_78] [RESULT#178 example_app_1652188201_78_0] result timed out (1652287271 < 1652287276) server_state:IN_PROGRESS=>OVER; outcome:NO_REPLY
2022-05-11 16:41:16.9474  [WU#87 example_app_1652188201_78] Generating 1 more results (1 target - 0 unsent - 0 in progress - 0 success)
