Tue, 10 May 22 10:30:02 +0000: Starting
Tue, 10 May 22 10:30:02 +0000: Finished
Tue, 10 May 22 11:30:02 +0000: Starting
Tue, 10 May 22 11:30:02 +0000: Finished
Tue, 10 May 22 12:30:01 +0000: Starting
Tue, 10 May 22 12:30:01 +0000: Finished
Tue, 10 May 22 13:30:02 +0000: Starting
Tue, 10 May 22 13:30:02 +0000: Finished
Tue, 10 May 22 14:30:02 +0000: Starting
Tue, 10 May 22 14:30:02 +0000: Finished
Tue, 10 May 22 15:30:01 +0000: Starting
Tue, 10 May 22 15:30:01 +0000: Finished
Tue, 10 May 22 16:30:02 +0000: Starting
Tue, 10 May 22 16:30:02 +0000: Finished
Tue, 10 May 22 17:30:02 +0000: Starting
Tue, 10 May 22 17:30:02 +0000: Finished
Tue, 10 May 22 18:30:01 +0000: Starting
Tue, 10 May 22 18:30:01 +0000: Finished
Tue, 10 May 22 19:30:02 +0000: Starting
Tue, 10 May 22 19:30:02 +0000: Finished
Tue, 10 May 22 20:35:01 +0000: Starting
Tue, 10 May 22 20:35:01 +0000: Finished
Tue, 10 May 22 21:35:02 +0000: Starting
Tue, 10 May 22 21:35:02 +0000: Finished
Tue, 10 May 22 22:40:01 +0000: Starting
Tue, 10 May 22 22:40:01 +0000: Finished
Tue, 10 May 22 23:40:02 +0000: Starting
Tue, 10 May 22 23:40:02 +0000: Finished
Wed, 11 May 22 00:45:01 +0000: Starting
Wed, 11 May 22 00:45:01 +0000: Finished
Wed, 11 May 22 01:45:01 +0000: Starting
Wed, 11 May 22 01:45:01 +0000: Finished
Wed, 11 May 22 02:45:02 +0000: Starting
Wed, 11 May 22 02:45:02 +0000: Finished
Wed, 11 May 22 03:45:02 +0000: Starting
Wed, 11 May 22 03:45:02 +0000: Finished
Wed, 11 May 22 04:45:01 +0000: Starting
Wed, 11 May 22 04:45:01 +0000: Finished
Wed, 11 May 22 05:45:02 +0000: Starting
Wed, 11 May 22 05:45:02 +0000: Finished
Wed, 11 May 22 06:45:02 +0000: Starting
Wed, 11 May 22 06:45:02 +0000: Finished
Wed, 11 May 22 07:45:02 +0000: Starting
Wed, 11 May 22 07:45:02 +0000: Finished
Wed, 11 May 22 08:45:02 +0000: Starting
Wed, 11 May 22 08:45:02 +0000: Finished
Wed, 11 May 22 09:45:02 +0000: Starting
Wed, 11 May 22 09:45:02 +0000: Finished
Wed, 11 May 22 10:45:04 +0000: Starting
Wed, 11 May 22 10:45:05 +0000: Finished
Wed, 11 May 22 11:45:02 +0000: Starting
Wed, 11 May 22 11:45:02 +0000: Finished
Wed, 11 May 22 12:50:02 +0000: Starting
Wed, 11 May 22 12:50:02 +0000: Finished
Wed, 11 May 22 13:50:01 +0000: Starting
Wed, 11 May 22 13:50:01 +0000: Finished
Wed, 11 May 22 14:50:02 +0000: Starting
Wed, 11 May 22 14:50:02 +0000: Finished
Wed, 11 May 22 15:55:01 +0000: Starting
Wed, 11 May 22 15:55:01 +0000: Finished
Wed, 11 May 22 16:55:02 +0000: Starting
Wed, 11 May 22 16:55:02 +0000: Finished
Wed, 11 May 22 17:55:01 +0000: Starting
Wed, 11 May 22 17:55:01 +0000: Finished
Wed, 11 May 22 18:55:02 +0000: Starting
Wed, 11 May 22 18:55:02 +0000: Finished
Wed, 11 May 22 19:55:02 +0000: Starting
Wed, 11 May 22 19:55:02 +0000: Finished
Wed, 11 May 22 20:55:03 +0000: Starting
Wed, 11 May 22 20:55:03 +0000: Finished
Wed, 11 May 22 21:55:02 +0000: Starting
Wed, 11 May 22 21:55:02 +0000: Finished
Wed, 11 May 22 22:55:01 +0000: Starting
Wed, 11 May 22 22:55:01 +0000: Finished
Wed, 11 May 22 23:55:02 +0000: Starting
Wed, 11 May 22 23:55:02 +0000: Finished
Thu, 12 May 22 00:55:02 +0000: Starting
Thu, 12 May 22 00:55:02 +0000: Finished
Thu, 12 May 22 01:55:01 +0000: Starting
Thu, 12 May 22 01:55:01 +0000: Finished
Thu, 12 May 22 02:55:02 +0000: Starting
Thu, 12 May 22 02:55:02 +0000: Finished
Thu, 12 May 22 03:55:02 +0000: Starting
Thu, 12 May 22 03:55:02 +0000: Finished
Thu, 12 May 22 04:55:02 +0000: Starting
Thu, 12 May 22 04:55:02 +0000: Finished
Thu, 12 May 22 05:55:01 +0000: Starting
Thu, 12 May 22 05:55:01 +0000: Finished
Thu, 12 May 22 06:55:02 +0000: Starting
Thu, 12 May 22 06:55:02 +0000: Finished
Thu, 12 May 22 07:55:02 +0000: Starting
Thu, 12 May 22 07:55:02 +0000: Finished
Thu, 12 May 22 09:15:27 +0000: Starting
Thu, 12 May 22 09:15:27 +0000: Finished
Thu, 12 May 22 10:20:02 +0000: Starting
Thu, 12 May 22 10:20:03 +0000: Finished
Thu, 12 May 22 11:20:01 +0000: Starting
Thu, 12 May 22 11:20:01 +0000: Finished
Thu, 12 May 22 12:20:02 +0000: Starting
Thu, 12 May 22 12:20:02 +0000: Finished
Thu, 12 May 22 13:20:02 +0000: Starting
Thu, 12 May 22 13:20:02 +0000: Finished
Thu, 12 May 22 14:20:02 +0000: Starting
Thu, 12 May 22 14:20:02 +0000: Finished
Thu, 12 May 22 15:20:01 +0000: Starting
Thu, 12 May 22 15:20:01 +0000: Finished
Thu, 12 May 22 16:20:02 +0000: Starting
Thu, 12 May 22 16:20:02 +0000: Finished
Thu, 12 May 22 17:20:02 +0000: Starting
Thu, 12 May 22 17:20:02 +0000: Finished
Thu, 12 May 22 18:20:04 +0000: Starting
Thu, 12 May 22 18:20:04 +0000: Finished
Thu, 12 May 22 19:25:02 +0000: Starting
Thu, 12 May 22 19:25:02 +0000: Finished
Thu, 12 May 22 20:25:02 +0000: Starting
Thu, 12 May 22 20:25:02 +0000: Finished
Thu, 12 May 22 21:25:01 +0000: Starting
Thu, 12 May 22 21:25:01 +0000: Finished
Thu, 12 May 22 22:25:02 +0000: Starting
Thu, 12 May 22 22:25:02 +0000: Finished
Thu, 12 May 22 23:25:02 +0000: Starting
Thu, 12 May 22 23:25:02 +0000: Finished
Fri, 13 May 22 00:25:01 +0000: Starting
Fri, 13 May 22 00:25:01 +0000: Finished
Fri, 13 May 22 01:25:02 +0000: Starting
Fri, 13 May 22 01:25:02 +0000: Finished
Fri, 13 May 22 02:25:02 +0000: Starting
Fri, 13 May 22 02:25:02 +0000: Finished
Fri, 13 May 22 03:25:01 +0000: Starting
Fri, 13 May 22 03:25:01 +0000: Finished
Fri, 13 May 22 04:25:01 +0000: Starting
Fri, 13 May 22 04:25:01 +0000: Finished
Fri, 13 May 22 05:25:02 +0000: Starting
Fri, 13 May 22 05:25:02 +0000: Finished
Fri, 13 May 22 06:25:02 +0000: Starting
Fri, 13 May 22 06:25:02 +0000: Finished
Fri, 13 May 22 07:25:01 +0000: Starting
Fri, 13 May 22 07:25:01 +0000: Finished
Fri, 13 May 22 08:25:02 +0000: Starting
Fri, 13 May 22 08:25:02 +0000: Finished
Fri, 13 May 22 09:25:02 +0000: Starting
Fri, 13 May 22 09:25:03 +0000: Finished
