Tue, 10 May 22 10:30:03 +0000: Starting
Beginning to build country pages...
0 users have profiles AND non-null country entries.
Beginning to build country summary page...
done building country summary page
done building country pages
Beginning to build alphabetical pages...
0 users have profiles AND names.
PHP Notice:  Undefined variable: letters_used in /home/rutoves/projects/cplan/html/ops/update_profile_pages.php on line 328

Notice: Undefined variable: letters_used in /home/rutoves/projects/cplan/html/ops/update_profile_pages.php on line 328
Beginning to build alphabetical summary pages...
done building alphabetical pages
Beginning to build picture pages...
0 users have profiles AND uploaded a picture
Generating 1 pages
done building picture pages
Tue, 10 May 22 10:30:03 +0000: Finished
Wed, 11 May 22 10:30:02 +0000: Starting
Beginning to build country pages...
0 users have profiles AND non-null country entries.
Beginning to build country summary page...
done building country summary page
done building country pages
Beginning to build alphabetical pages...
0 users have profiles AND names.
PHP Notice:  Undefined variable: letters_used in /home/rutoves/projects/cplan/html/ops/update_profile_pages.php on line 328

Notice: Undefined variable: letters_used in /home/rutoves/projects/cplan/html/ops/update_profile_pages.php on line 328
Beginning to build alphabetical summary pages...
done building alphabetical pages
Beginning to build picture pages...
0 users have profiles AND uploaded a picture
Generating 1 pages
done building picture pages
Wed, 11 May 22 10:30:02 +0000: Finished
Thu, 12 May 22 10:30:02 +0000: Starting
Beginning to build country pages...
0 users have profiles AND non-null country entries.
Beginning to build country summary page...
done building country summary page
done building country pages
Beginning to build alphabetical pages...
0 users have profiles AND names.
PHP Notice:  Undefined variable: letters_used in /home/rutoves/projects/cplan/html/ops/update_profile_pages.php on line 328

Notice: Undefined variable: letters_used in /home/rutoves/projects/cplan/html/ops/update_profile_pages.php on line 328
Beginning to build alphabetical summary pages...
done building alphabetical pages
Beginning to build picture pages...
0 users have profiles AND uploaded a picture
Generating 1 pages
done building picture pages
Thu, 12 May 22 10:30:02 +0000: Finished
